[2020-11-27][20:54:54][rd::cli::dataserver][INFO] Starting server at host 0.0.0.0:5555...
[2020-11-27][21:49:41][rd::cli::environment][INFO] /Users/austingraham/.rd
[2020-11-27][22:43:24][rd::cli::environment][ERROR] Is a directory (os error 21)
[2020-11-27][22:53:42][rd::cli::environment][INFO] RD_HOME: /Users/austingraham/.rd
[2020-11-27][22:53:49][rd::cli::environment][INFO] RD_HOME: /Users/austingraham/.rd
[2020-11-27][23:17:46][rd::cli::environment][INFO] RD_HOME: /Users/austingraham/.rd
[2020-11-27][23:26:31][rd::cli::environment][INFO] Successfully set environment variable
[2020-11-27][23:26:43][rd::cli::environment][INFO] RD_HOME: /Users/austingraham/.rdRD_TEST
[2020-11-27][23:27:34][rd::cli::environment][INFO] RD_HOME: /Users/austingraham/.rdRD_TEST
[2020-11-27][23:27:46][rd::cli::environment][INFO] RD_HOME: /Users/austingraham/.rd
[2020-11-27][23:27:54][rd::cli::environment][INFO] Successfully set environment variable
[2020-11-27][23:27:58][rd::cli::environment][INFO] RD_HOME: /Users/austingraham/.rd
[2020-11-27][23:27:58][rd::cli::environment][INFO] RD_TEST: SomeOtherValue
[2020-11-27][23:30:40][rd::cli::environment][INFO] Successfully set environment variable
[2020-11-27][23:30:51][rd::cli::environment][INFO] RD_HOME: /Users/austingraham/.rd
[2020-11-27][23:30:51][rd::cli::environment][INFO] RD_TEST: SomeOtherValue
[2020-11-27][23:34:38][rd::cli::environment][INFO] Successfully removed environment variable
[2020-11-27][23:34:58][rd::cli::environment][INFO] RD_HOME: /Users/austingraham/.rd
[2020-11-27][23:35:20][rd::cli::environment][INFO] RD_HOME: /Users/austingraham/.rd
[2020-11-27][23:35:38][rd::cli::environment][INFO] Successfully set environment variable
[2020-11-27][23:35:42][rd::cli::environment][INFO] RD_TEST: something test
[2020-11-27][23:35:42][rd::cli::environment][INFO] RD_HOME: /Users/austingraham/.rd
[2020-11-27][23:36:05][rd::cli::environment][INFO] Successfully removed environment variable
